<?xml version="1.0" encoding="UTF-8"?>
<!-- Generated by org.testng.reporters.JUnitReportReporter -->
<testsuite hostname="DESKTOP-0BLHGAK" failures="0" tests="1" name="seleniumPackage.SimpleTest" time="11.372" errors="0" timestamp="2025-08-21T21:01:43 CEST" skipped="0">
  <testcase classname="seleniumPackage.SimpleTest" name="openGoogle" time="11.372"/>
</testsuite> <!-- seleniumPackage.SimpleTest -->
