<?xml version="1.0" encoding="UTF-8"?>
<!-- Generated by org.testng.reporters.JUnitReportReporter -->
<testsuite hostname="DESKTOP-0BLHGAK" failures="0" tests="4" name="seleniumPackage.TestNG3" time="12.654" errors="0" timestamp="2025-08-22T07:08:51 CEST" skipped="0">
  <testcase classname="seleniumPackage.TestNG3" name="setup" time="11.723"/>
  <testcase classname="seleniumPackage.TestNG3" name="username" time="0.432"/>
  <testcase classname="seleniumPackage.TestNG3" name="password" time="0.235"/>
  <testcase classname="seleniumPackage.TestNG3" name="clickOnbutton" time="0.264"/>
</testsuite> <!-- seleniumPackage.TestNG3 -->
