<?xml version="1.0" encoding="UTF-8"?>
<!-- Generated by org.testng.reporters.JUnitReportReporter -->
<testsuite hostname="DESKTOP-0BLHGAK" failures="0" tests="8" name="seleniumPackage.TestNG4" time="0.101" errors="0" timestamp="2025-08-22T15:41:35 CEST" skipped="1">
  <testcase classname="seleniumPackage.TestNG4" name="y" time="0.032"/>
  <testcase classname="seleniumPackage.TestNG4" name="d" time="0.009"/>
  <testcase classname="seleniumPackage.TestNG4" name="n" time="0.009"/>
  <testcase classname="seleniumPackage.TestNG4" name="z" time="0.011"/>
  <testcase classname="seleniumPackage.TestNG4" name="r" time="0.015"/>
  <testcase classname="seleniumPackage.TestNG4" name="k" time="0.013"/>
  <testcase classname="seleniumPackage.TestNG4" name="x" time="0.012"/>
  <testcase classname="seleniumPackage.TestNG4" name="w">
    <skipped/>
  </testcase> <!-- w -->
</testsuite> <!-- seleniumPackage.TestNG4 -->
