<?xml version="1.0" encoding="UTF-8"?>
<!-- Generated by org.testng.reporters.JUnitReportReporter -->
<testsuite hostname="DESKTOP-0BLHGAK" failures="0" tests="3" name="seleniumPackage.TestNG1" time="0.104" errors="0" timestamp="2025-08-21T23:27:22 CEST" skipped="0">
  <testcase classname="seleniumPackage.TestNG1" name="c" time="0.009"/>
  <testcase classname="seleniumPackage.TestNG1" name="a" time="0.032"/>
  <testcase classname="seleniumPackage.TestNG1" name="b" time="0.063"/>
</testsuite> <!-- seleniumPackage.TestNG1 -->
