<?xml version="1.0" encoding="UTF-8"?>
<!-- Generated by org.testng.reporters.JUnitReportReporter -->
<testsuite hostname="DESKTOP-0BLHGAK" failures="0" tests="2" name="seleniumPackage.TestNG2" time="0.048" errors="0" timestamp="2025-09-01T21:42:25 CEST" skipped="0">
  <testcase classname="seleniumPackage.TestNG2" name="c" time="0.017"/>
  <testcase classname="seleniumPackage.TestNG2" name="b" time="0.031"/>
</testsuite> <!-- seleniumPackage.TestNG2 -->
